2025-04-28T15:09:32.888+09:00  INFO 3880 --- [restartedMain] k.c.o.onoffapi.OnOffApiApplication       : Starting OnOffApiApplication using Java 17.0.14 with PID 3880 (/Users/sehyeon.kim/project/OnOffApi/build/classes/java/main started by sehyeon.kim in /Users/sehyeon.kim/project/OnOffApi)
2025-04-28T15:09:32.889+09:00  INFO 3880 --- [restartedMain] k.c.o.onoffapi.OnOffApiApplication       : No active profile set, falling back to 1 default profile: "default"
2025-04-28T15:09:32.904+09:00  INFO 3880 --- [restartedMain] .e.DevToolsPropertyDefaultsPostProcessor : Devtools property defaults active! Set 'spring.devtools.add-properties' to 'false' to disable
2025-04-28T15:09:32.904+09:00  INFO 3880 --- [restartedMain] .e.DevToolsPropertyDefaultsPostProcessor : For additional web related logging consider setting the 'logging.level.web' property to 'DEBUG'
2025-04-28T15:09:33.091+09:00  INFO 3880 --- [restartedMain] .s.d.r.c.RepositoryConfigurationDelegate : Bootstrapping Spring Data JPA repositories in DEFAULT mode.
2025-04-28T15:09:33.098+09:00  INFO 3880 --- [restartedMain] .s.d.r.c.RepositoryConfigurationDelegate : Finished Spring Data repository scanning in 3 ms. Found 0 JPA repository interfaces.
2025-04-28T15:09:33.282+09:00  INFO 3880 --- [restartedMain] o.s.b.w.embedded.tomcat.TomcatWebServer  : Tomcat initialized with port(s): 8080 (http)
2025-04-28T15:09:33.285+09:00  INFO 3880 --- [restartedMain] o.apache.catalina.core.StandardService   : Starting service [Tomcat]
2025-04-28T15:09:33.285+09:00  INFO 3880 --- [restartedMain] o.apache.catalina.core.StandardEngine    : Starting Servlet engine: [Apache Tomcat/10.1.15]
2025-04-28T15:09:33.307+09:00  INFO 3880 --- [restartedMain] o.a.c.c.C.[Tomcat].[localhost].[/]       : Initializing Spring embedded WebApplicationContext
2025-04-28T15:09:33.307+09:00  INFO 3880 --- [restartedMain] w.s.c.ServletWebServerApplicationContext : Root WebApplicationContext: initialization completed in 403 ms
2025-04-28T15:09:33.351+09:00  INFO 3880 --- [restartedMain] com.zaxxer.hikari.HikariDataSource       : HikariPool-1 - Starting...
2025-04-28T15:09:33.455+09:00  INFO 3880 --- [restartedMain] com.zaxxer.hikari.pool.HikariPool        : HikariPool-1 - Added connection com.mysql.cj.jdbc.ConnectionImpl@6666260b
2025-04-28T15:09:33.456+09:00  INFO 3880 --- [restartedMain] com.zaxxer.hikari.HikariDataSource       : HikariPool-1 - Start completed.
2025-04-28T15:09:33.478+09:00  INFO 3880 --- [restartedMain] o.hibernate.jpa.internal.util.LogHelper  : HHH000204: Processing PersistenceUnitInfo [name: default]
2025-04-28T15:09:33.502+09:00  INFO 3880 --- [restartedMain] org.hibernate.Version                    : HHH000412: Hibernate ORM core version 6.2.13.Final
2025-04-28T15:09:33.503+09:00  INFO 3880 --- [restartedMain] org.hibernate.cfg.Environment            : HHH000406: Using bytecode reflection optimizer
2025-04-28T15:09:33.586+09:00  INFO 3880 --- [restartedMain] o.s.o.j.p.SpringPersistenceUnitInfo      : No LoadTimeWeaver setup: ignoring JPA class transformer
2025-04-28T15:09:33.708+09:00  INFO 3880 --- [restartedMain] o.h.e.t.j.p.i.JtaPlatformInitiator       : HHH000489: No JTA platform available (set 'hibernate.transaction.jta.platform' to enable JTA platform integration)
2025-04-28T15:09:33.710+09:00  INFO 3880 --- [restartedMain] j.LocalContainerEntityManagerFactoryBean : Initialized JPA EntityManagerFactory for persistence unit 'default'
2025-04-28T15:09:33.799+09:00  WARN 3880 --- [restartedMain] ion$DefaultTemplateResolverConfiguration : Cannot find template location: classpath:/templates/ (please add some templates, check your Thymeleaf configuration, or set spring.thymeleaf.check-template-location=false)
2025-04-28T15:09:33.830+09:00  INFO 3880 --- [restartedMain] o.s.b.d.a.OptionalLiveReloadServer       : LiveReload server is running on port 35729
2025-04-28T15:09:33.838+09:00  INFO 3880 --- [restartedMain] o.s.b.w.embedded.tomcat.TomcatWebServer  : Tomcat started on port(s): 8080 (http) with context path ''
2025-04-28T15:09:33.842+09:00  INFO 3880 --- [restartedMain] k.c.o.onoffapi.OnOffApiApplication       : Started OnOffApiApplication in 1.086 seconds (process running for 1.239)
2025-04-28T15:09:36.185+09:00  INFO 3880 --- [http-nio-8080-exec-1] o.a.c.c.C.[Tomcat].[localhost].[/]       : Initializing Spring DispatcherServlet 'dispatcherServlet'
2025-04-28T15:09:36.185+09:00  INFO 3880 --- [http-nio-8080-exec-1] o.s.web.servlet.DispatcherServlet        : Initializing Servlet 'dispatcherServlet'
2025-04-28T15:09:36.186+09:00  INFO 3880 --- [http-nio-8080-exec-1] o.s.web.servlet.DispatcherServlet        : Completed initialization in 1 ms
2025-04-28T15:09:42.140+09:00  INFO 3880 --- [SpringApplicationShutdownHook] j.LocalContainerEntityManagerFactoryBean : Closing JPA EntityManagerFactory for persistence unit 'default'
2025-04-28T15:09:42.143+09:00  INFO 3880 --- [SpringApplicationShutdownHook] com.zaxxer.hikari.HikariDataSource       : HikariPool-1 - Shutdown initiated...
2025-04-28T15:09:42.147+09:00  INFO 3880 --- [SpringApplicationShutdownHook] com.zaxxer.hikari.HikariDataSource       : HikariPool-1 - Shutdown completed.
